C:\USERS\LENOVO\DOCUMENTS\VISUAL STUDIO 2012\PROJECTS\C0\C0\DEBUG\LEXICAL_ANALYSIS.OBJ
C:\USERS\LENOVO\DOCUMENTS\VISUAL STUDIO 2012\PROJECTS\C0\C0\DEBUG\MAIN.OBJ
C:\USERS\LENOVO\DOCUMENTS\VISUAL STUDIO 2012\PROJECTS\C0\C0\DEBUG\PARSE.OBJ
C:\USERS\LENOVO\DOCUMENTS\VISUAL STUDIO 2012\PROJECTS\C0\C0\DEBUG\VC110.PDB
C:\USERS\LENOVO\DOCUMENTS\VISUAL STUDIO 2012\PROJECTS\C0\DEBUG\C0.ILK
C:\USERS\LENOVO\DOCUMENTS\VISUAL STUDIO 2012\PROJECTS\C0\DEBUG\C0.EXE
C:\USERS\LENOVO\DOCUMENTS\VISUAL STUDIO 2012\PROJECTS\C0\DEBUG\C0.PDB
C:\Users\lenovo\Documents\Visual Studio 2012\Projects\C0\C0\Debug\lexical_analysis.obj
C:\Users\lenovo\Documents\Visual Studio 2012\Projects\C0\C0\Debug\main.obj
C:\Users\lenovo\Documents\Visual Studio 2012\Projects\C0\C0\Debug\parse.obj
C:\Users\lenovo\Documents\Visual Studio 2012\Projects\C0\C0\Debug\cl.command.1.tlog
C:\Users\lenovo\Documents\Visual Studio 2012\Projects\C0\C0\Debug\CL.read.1.tlog
C:\Users\lenovo\Documents\Visual Studio 2012\Projects\C0\C0\Debug\CL.write.1.tlog
C:\Users\lenovo\Documents\Visual Studio 2012\Projects\C0\C0\Debug\link-cvtres.read.1.tlog
C:\Users\lenovo\Documents\Visual Studio 2012\Projects\C0\C0\Debug\link-cvtres.write.1.tlog
C:\Users\lenovo\Documents\Visual Studio 2012\Projects\C0\C0\Debug\link-rc.read.1.tlog
C:\Users\lenovo\Documents\Visual Studio 2012\Projects\C0\C0\Debug\link-rc.write.1.tlog
C:\Users\lenovo\Documents\Visual Studio 2012\Projects\C0\C0\Debug\link.13452-cvtres.read.1.tlog
C:\Users\lenovo\Documents\Visual Studio 2012\Projects\C0\C0\Debug\link.13452-cvtres.write.1.tlog
C:\Users\lenovo\Documents\Visual Studio 2012\Projects\C0\C0\Debug\link.13452-rc.read.1.tlog
C:\Users\lenovo\Documents\Visual Studio 2012\Projects\C0\C0\Debug\link.13452-rc.write.1.tlog
C:\Users\lenovo\Documents\Visual Studio 2012\Projects\C0\C0\Debug\link.13452.read.1.tlog
C:\Users\lenovo\Documents\Visual Studio 2012\Projects\C0\C0\Debug\link.13452.write.1.tlog
C:\Users\lenovo\Documents\Visual Studio 2012\Projects\C0\C0\Debug\link.command.1.tlog
C:\Users\lenovo\Documents\Visual Studio 2012\Projects\C0\C0\Debug\link.read.1.tlog
C:\Users\lenovo\Documents\Visual Studio 2012\Projects\C0\C0\Debug\link.write.1.tlog
C:\Users\lenovo\Documents\Visual Studio 2012\Projects\C0\C0\Debug\vc110.idb
C:\Users\lenovo\Documents\Visual Studio 2012\Projects\C0\C0\Debug\vc110.pdb
C:\Users\lenovo\Documents\Visual Studio 2012\Projects\C0\Debug\C0.pdb
C:\Users\lenovo\Documents\Visual Studio 2012\Projects\C0\Debug\C0.exe
C:\Users\lenovo\Documents\Visual Studio 2012\Projects\C0\Debug\C0.ilk
